\BOOKMARK [1][-]{section.1}{ }{}% 1
\BOOKMARK [2][-]{subsection.1.1}{ }{section.1}% 2
\BOOKMARK [2][-]{subsection.1.2}{ }{section.1}% 3
\BOOKMARK [2][-]{subsection.1.3}{ }{section.1}% 4
\BOOKMARK [2][-]{subsection.1.4}{ \040}{section.1}% 5
\BOOKMARK [2][-]{subsection.1.5}{ \040 \040 }{section.1}% 6
\BOOKMARK [1][-]{section.2}{ \040}{}% 7
\BOOKMARK [2][-]{subsection.2.1}{ }{section.2}% 8
\BOOKMARK [2][-]{subsection.2.2}{ }{section.2}% 9
\BOOKMARK [2][-]{subsection.2.3}{ }{section.2}% 10
\BOOKMARK [2][-]{subsection.2.4}{ \040}{section.2}% 11
\BOOKMARK [2][-]{subsection.2.5}{ \040 \040 }{section.2}% 12
\BOOKMARK [2][-]{subsection.2.6}{ }{section.2}% 13
\BOOKMARK [2][-]{subsection.2.7}{ \040}{section.2}% 14
\BOOKMARK [2][-]{subsection.2.8}{ \040 \040 }{section.2}% 15
\BOOKMARK [2][-]{subsection.2.9}{' \040 \040 }{section.2}% 16
\BOOKMARK [1][-]{section.3}{ \040 \040 \040 }{}% 17
\BOOKMARK [2][-]{subsection.3.1}{ }{section.3}% 18
\BOOKMARK [2][-]{subsection.3.2}{ \040 \040 \040}{section.3}% 19
\BOOKMARK [2][-]{subsection.3.3}{ \040 \040 \040 \040}{section.3}% 20
\BOOKMARK [1][-]{section.4}{}{}% 21
\BOOKMARK [1][-]{section.5}{ }{}% 22
\BOOKMARK [2][-]{subsection.5.1}{ \040; }{section.5}% 23
\BOOKMARK [2][-]{subsection.5.2}{ }{section.5}% 24
\BOOKMARK [2][-]{subsection.5.3}{ : \040, , }{section.5}% 25
\BOOKMARK [2][-]{subsection.5.4}{ \040: \040, , }{section.5}% 26
\BOOKMARK [2][-]{subsection.5.5}{ \040: \040, , }{section.5}% 27
