\BOOKMARK [1][-]{section.1}{ \040 }{}% 1
\BOOKMARK [2][-]{subsection.1.1}{ . \040}{section.1}% 2
\BOOKMARK [3][-]{subsubsection.1.1.1}{ 1 \( \040 \040 \0402\)}{subsection.1.1}% 3
\BOOKMARK [3][-]{subsubsection.1.1.2}{ 2 \( \040 \040 \)}{subsection.1.1}% 4
\BOOKMARK [3][-]{subsubsection.1.1.3}{ 3 \( \)}{subsection.1.1}% 5
\BOOKMARK [2][-]{subsection.1.2}{ . \040 \( \040 \0402\)}{section.1}% 6
\BOOKMARK [3][-]{subsubsection.1.2.1}{ 1}{subsection.1.2}% 7
\BOOKMARK [3][-]{subsubsection.1.2.2}{ 2}{subsection.1.2}% 8
\BOOKMARK [3][-]{subsubsection.1.2.3}{ 3}{subsection.1.2}% 9
\BOOKMARK [2][-]{subsection.1.3}{ . \040 }{section.1}% 10
\BOOKMARK [3][-]{subsubsection.1.3.1}{ 1}{subsection.1.3}% 11
\BOOKMARK [3][-]{subsubsection.1.3.2}{ 2}{subsection.1.3}% 12
\BOOKMARK [3][-]{subsubsection.1.3.3}{ 3}{subsection.1.3}% 13
\BOOKMARK [2][-]{subsection.1.4}{ . \040 }{section.1}% 14
\BOOKMARK [3][-]{subsubsection.1.4.1}{ 1}{subsection.1.4}% 15
\BOOKMARK [3][-]{subsubsection.1.4.2}{ 2}{subsection.1.4}% 16
\BOOKMARK [3][-]{subsubsection.1.4.3}{ 3}{subsection.1.4}% 17
\BOOKMARK [2][-]{subsection.1.5}{ . \040 }{section.1}% 18
\BOOKMARK [3][-]{subsubsection.1.5.1}{ 1}{subsection.1.5}% 19
\BOOKMARK [3][-]{subsubsection.1.5.2}{ 2}{subsection.1.5}% 20
\BOOKMARK [3][-]{subsubsection.1.5.3}{ 3}{subsection.1.5}% 21
\BOOKMARK [1][-]{section.2}{}{}% 22
\BOOKMARK [1][-]{section.3}{ }{}% 23
\BOOKMARK [2][-]{subsection.3.1}{ \040, }{section.3}% 24
\BOOKMARK [2][-]{subsection.3.2}{ }{section.3}% 25
\BOOKMARK [2][-]{subsection.3.3}{ \040 \040 \040}{section.3}% 26
