\BOOKMARK [1][-]{section.1}{ \040 \040}{}% 1
\BOOKMARK [2][-]{subsection.1.1}{ \040 \( \)}{section.1}% 2
\BOOKMARK [3][-]{subsubsection.1.1.1}{ }{subsection.1.1}% 3
\BOOKMARK [3][-]{subsubsection.1.1.2}{ }{subsection.1.1}% 4
\BOOKMARK [3][-]{subsubsection.1.1.3}{ }{subsection.1.1}% 5
\BOOKMARK [3][-]{subsubsection.1.1.4}{ }{subsection.1.1}% 6
\BOOKMARK [2][-]{subsection.1.2}{ \040 \040\( \)}{section.1}% 7
\BOOKMARK [3][-]{subsubsection.1.2.1}{ \040 \040}{subsection.1.2}% 8
\BOOKMARK [3][-]{subsubsection.1.2.2}{ }{subsection.1.2}% 9
\BOOKMARK [3][-]{subsubsection.1.2.3}{ }{subsection.1.2}% 10
\BOOKMARK [3][-]{subsubsection.1.2.4}{ }{subsection.1.2}% 11
\BOOKMARK [2][-]{subsection.1.3}{ }{section.1}% 12
\BOOKMARK [3][-]{subsubsection.1.3.1}{ }{subsection.1.3}% 13
\BOOKMARK [3][-]{subsubsection.1.3.2}{ }{subsection.1.3}% 14
\BOOKMARK [3][-]{subsubsection.1.3.3}{ }{subsection.1.3}% 15
\BOOKMARK [2][-]{subsection.1.4}{ \040 \253-\273}{section.1}% 16
\BOOKMARK [3][-]{subsubsection.1.4.1}{ }{subsection.1.4}% 17
\BOOKMARK [3][-]{subsubsection.1.4.2}{ \040 \040 \040 }{subsection.1.4}% 18
\BOOKMARK [3][-]{subsubsection.1.4.3}{ \040 \040 \040 }{subsection.1.4}% 19
\BOOKMARK [1][-]{section.2}{}{}% 20
\BOOKMARK [1][-]{section.3}{ }{}% 21
